<?xml version="1.0" encoding="UTF-8"?>
<!-- Generated by org.testng.reporters.JUnitReportReporter -->
<testsuite skipped="0" hostname="Laptop" name="sanity.GrafanaWebDB" tests="2" failures="0" timestamp="2021-07-25T09:40:59 IDT" time="8.006" errors="0">
  <testcase name="test01_loginDBandVerifyHeader" time="3.600" classname="sanity.GrafanaWebDB"/>
  <testcase name="test02_searchVerifyUserWithDBCredentials" time="4.406" classname="sanity.GrafanaWebDB"/>
</testsuite> <!-- sanity.GrafanaWebDB -->
