<?xml version="1.0" encoding="UTF-8"?>
<!-- Generated by org.testng.reporters.JUnitReportReporter -->
<testsuite skipped="0" hostname="Laptop" name="sanity.GrafanaAPI" tests="4" failures="0" timestamp="2021-07-25T09:39:02 IDT" time="18.617" errors="0">
  <testcase name="test01_verifyTeam" time="13.506" classname="sanity.GrafanaAPI"/>
  <testcase name="test02_addTeamAndVerify" time="2.285" classname="sanity.GrafanaAPI"/>
  <testcase name="test04_deleteTeamAndVerify" time="0.826" classname="sanity.GrafanaAPI"/>
  <testcase name="test03_updateTeamAndVerify" time="2.000" classname="sanity.GrafanaAPI"/>
</testsuite> <!-- sanity.GrafanaAPI -->
